<?xml version="1.0" encoding="UTF-8"?>
<!-- Generated by org.testng.reporters.JUnitXMLReporter -->
<testsuite ignored="0" hostname="TYSS-Sumanth" failures="0" tests="4" name="Default test" time="0.042" errors="0" timestamp="2023-10-25T17:59:27 IST">
  <testcase classname="unitTesting.Multi" name="down" time="0.007"/>
  <testcase classname="unitTesting.Multi" name="finish" time="0.001"/>
  <testcase classname="unitTesting.Multi" name="run" time="0.001"/>
  <testcase classname="unitTesting.Multi" name="running" time="0.001"/>
</testsuite> <!-- Default test -->
