<?xml version="1.0" encoding="UTF-8"?>
<testng-results ignored="0" total="4" passed="4" failed="0" skipped="0">
  <reporter-output>
    <line>
      <![CDATA[Hi welcome]]>
    </line>
    <line>
      <![CDATA[from finish method]]>
    </line>
    <line>
      <![CDATA[from run method]]>
    </line>
    <line>
      <![CDATA[from running method]]>
    </line>
  </reporter-output>
  <suite started-at="2023-10-25T17:59:27 IST" name="Default suite" finished-at="2023-10-25T17:59:27 IST" duration-ms="42">
    <groups>
    </groups>
    <test started-at="2023-10-25T17:59:27 IST" name="Default test" finished-at="2023-10-25T17:59:27 IST" duration-ms="42">
      <class name="unitTesting.Multi">
        <test-method signature="down()[pri:0, instance:unitTesting.Multi@574b560f]" started-at="2023-10-25T17:59:27 IST" name="down" finished-at="2023-10-25T17:59:27 IST" duration-ms="7" status="PASS">
          <reporter-output>
            <line>
              <![CDATA[Hi welcome]]>
            </line>
          </reporter-output>
        </test-method> <!-- down -->
        <test-method signature="finish()[pri:0, instance:unitTesting.Multi@574b560f]" started-at="2023-10-25T17:59:27 IST" name="finish" finished-at="2023-10-25T17:59:27 IST" duration-ms="1" status="PASS">
          <reporter-output>
            <line>
              <![CDATA[from finish method]]>
            </line>
          </reporter-output>
        </test-method> <!-- finish -->
        <test-method signature="run()[pri:0, instance:unitTesting.Multi@574b560f]" started-at="2023-10-25T17:59:27 IST" name="run" finished-at="2023-10-25T17:59:27 IST" duration-ms="1" status="PASS">
          <reporter-output>
            <line>
              <![CDATA[from run method]]>
            </line>
          </reporter-output>
        </test-method> <!-- run -->
        <test-method signature="running()[pri:0, instance:unitTesting.Multi@574b560f]" started-at="2023-10-25T17:59:27 IST" name="running" finished-at="2023-10-25T17:59:27 IST" duration-ms="1" status="PASS">
          <reporter-output>
            <line>
              <![CDATA[from running method]]>
            </line>
          </reporter-output>
        </test-method> <!-- running -->
      </class> <!-- unitTesting.Multi -->
    </test> <!-- Default test -->
  </suite> <!-- Default suite -->
</testng-results>
